<?xml version="1.0" encoding="UTF-8"?>
<!-- Generated by org.testng.reporters.JUnitXMLReporter -->
<testsuite ignored="0" hostname="LAPTOP-G6OBC7CG" failures="0" tests="3" name="Test" time="0.092" errors="0" timestamp="2022-10-15T18:52:00 CDT">
  <testcase classname="BaseClaseTestNG.BaseClass" name="@BeforeClass setup" time="-1.665877920328E9">
    <failure type="org.testng.TestNGException" message="
Parameter &amp;apos;browser&amp;apos; is required by BeforeClass on method setup but has not been marked @Optional or defined
in C:\Users\snowg\eclipse-workspace\DsAlgoTestNG\testng.xml">
      <![CDATA[org.testng.TestNGException: 
Parameter 'browser' is required by BeforeClass on method setup but has not been marked @Optional or defined
in C:\Users\snowg\eclipse-workspace\DsAlgoTestNG\testng.xml
at java.base/java.util.ArrayList.forEach(ArrayList.java:1511)
... Removed 22 stack frames]]>
    </failure>
  </testcase> <!-- @BeforeClass setup -->
  <testcase classname="BaseClaseTestNG.BaseClass" name="@AfterClass tearDown" time="0.0">
    <skipped/>
  </testcase> <!-- @AfterClass tearDown -->
  <testcase classname="BaseClaseTestNG.BaseClass" name="@BeforeClass setup" time="-1.665877920379E9">
    <failure type="org.testng.TestNGException" message="
Parameter &amp;apos;browser&amp;apos; is required by BeforeClass on method setup but has not been marked @Optional or defined
in C:\Users\snowg\eclipse-workspace\DsAlgoTestNG\testng.xml">
      <![CDATA[org.testng.TestNGException: 
Parameter 'browser' is required by BeforeClass on method setup but has not been marked @Optional or defined
in C:\Users\snowg\eclipse-workspace\DsAlgoTestNG\testng.xml
at java.base/java.util.ArrayList.forEach(ArrayList.java:1511)
... Removed 22 stack frames]]>
    </failure>
  </testcase> <!-- @BeforeClass setup -->
  <testcase classname="BaseClaseTestNG.BaseClass" name="@AfterClass tearDown" time="0.0">
    <skipped/>
  </testcase> <!-- @AfterClass tearDown -->
  <testcase classname="BaseClaseTestNG.BaseClass" name="@BeforeClass setup" time="-1.66587792039E9">
    <failure type="org.testng.TestNGException" message="
Parameter &amp;apos;browser&amp;apos; is required by BeforeClass on method setup but has not been marked @Optional or defined
in C:\Users\snowg\eclipse-workspace\DsAlgoTestNG\testng.xml">
      <![CDATA[org.testng.TestNGException: 
Parameter 'browser' is required by BeforeClass on method setup but has not been marked @Optional or defined
in C:\Users\snowg\eclipse-workspace\DsAlgoTestNG\testng.xml
at java.base/java.util.ArrayList.forEach(ArrayList.java:1511)
... Removed 22 stack frames]]>
    </failure>
  </testcase> <!-- @BeforeClass setup -->
  <testcase classname="BaseClaseTestNG.BaseClass" name="@AfterClass tearDown" time="0.0">
    <skipped/>
  </testcase> <!-- @AfterClass tearDown -->
  <testcase classname="TestCasesTestNG.Test_GetStartedPage" name="TestgetStartedPage" time="0.0">
    <skipped/>
  </testcase> <!-- TestgetStartedPage -->
  <testcase classname="TestCasesTestNG.Test001ToClickOnGetStart" name="openHomePage" time="0.0">
    <skipped/>
  </testcase> <!-- openHomePage -->
  <testcase classname="TestCasesTestNG.LoginTestCase1" name="loginTset" time="0.001">
    <skipped/>
  </testcase> <!-- loginTset -->
</testsuite> <!-- Test -->
