<?xml version="1.0" encoding="UTF-8"?>
<!-- Generated by org.testng.reporters.JUnitXMLReporter -->
<testsuite ignored="0" hostname="LAPTOP-G6OBC7CG" failures="1" tests="72" name="DsAlgoTest" time="187.466" errors="0" timestamp="2022-11-21T15:26:04 CST">
  <testcase classname="TestCasesTestNG.TestPortalPage" name="TestgetStartedPage" time="0.365"/>
  <testcase classname="TestCasesTestNG.TestHomePage" name="HomePAgetest" time="0.168"/>
  <testcase classname="TestCasesTestNG.TestHomePage" name="checkLoginWarningMsg" time="0.566"/>
  <testcase classname="TestCasesTestNG.TestHomePage" name="CheckDataStructureMenu" time="1.227"/>
  <testcase classname="TestCasesTestNG.registrationTestcase" name="allfieldsempty" time="6.604"/>
  <testcase classname="TestCasesTestNG.registrationTestcase" name="passwordFieldBlank" time="4.206"/>
  <testcase classname="TestCasesTestNG.registrationTestcase" name="DataDrivenRegister" time="1.028"/>
  <testcase classname="TestCasesTestNG.registrationTestcase" name="DataDrivenRegister" time="0.993"/>
  <testcase classname="TestCasesTestNG.registrationTestcase" name="DataDrivenRegister" time="0.998"/>
  <testcase classname="TestCasesTestNG.registrationTestcase" name="DataDrivenRegister" time="1.007"/>
  <testcase classname="TestCasesTestNG.registrationTestcase" name="sucessRegister" time="0.995">
    <failure type="java.lang.AssertionError" message="expected [true] but found [false]">
      <![CDATA[java.lang.AssertionError: expected [true] but found [false]
at TestCasesTestNG.registrationTestcase.sucessRegister(registrationTestcase.java:137)
at java.base/java.util.ArrayList.forEach(ArrayList.java:1511)
... Removed 29 stack frames]]>
    </failure>
  </testcase> <!-- sucessRegister -->
  <testcase classname="TestCasesTestNG.LoginTestCase1" name="DDLogin" time="2.7"/>
  <testcase classname="TestCasesTestNG.LoginTestCase1" name="DDLogin" time="2.686"/>
  <testcase classname="TestCasesTestNG.LoginTestCase1" name="DDLogin" time="2.659"/>
  <testcase classname="TestCasesTestNG.LoginTestCase1" name="sucessLogin" time="2.978"/>
  <testcase classname="TestCasesTestNG.module1DataStructureTest" name="enterToDataStructureModule" time="4.618"/>
  <testcase classname="TestCasesTestNG.module1DataStructureTest" name="clickOnTimeCopmlexityOnDataStructure" time="0.746"/>
  <testcase classname="TestCasesTestNG.module1DataStructureTest" name="ClickOnTry" time="4.757"/>
  <testcase classname="TestCasesTestNG.module1DataStructureTest" name="PracticeQuestion" time="0.009"/>
  <testcase classname="TestCasesTestNG.Module2Array_Test" name="EnterArraysInPython" time="3.288"/>
  <testcase classname="TestCasesTestNG.Module2Array_Test" name="enterOnArraysinPython" time="0.922"/>
  <testcase classname="TestCasesTestNG.Module2Array_Test" name="tryArraysinPython" time="5.903"/>
  <testcase classname="TestCasesTestNG.Module2Array_Test" name="enterArraysUsingList" time="0.859"/>
  <testcase classname="TestCasesTestNG.Module2Array_Test" name="tryforArraysUsingList" time="4.691"/>
  <testcase classname="TestCasesTestNG.Module2Array_Test" name="enteringToBasicOperationList" time="0.777"/>
  <testcase classname="TestCasesTestNG.Module2Array_Test" name="tryPythonCodeinOperationBasic" time="4.714"/>
  <testcase classname="TestCasesTestNG.Module2Array_Test" name="entereningToApplicationOfArray" time="0.311"/>
  <testcase classname="TestCasesTestNG.Module2Array_Test" name="tryPythonCodeInApplicationOfArray" time="4.675"/>
  <testcase classname="TestCasesTestNG.Module2Array_Test" name="tryPracticeQuestionForArray" time="0.336"/>
  <testcase classname="TestCasesTestNG.Module2Array_Test" name="tryQuestin1" time="3.551"/>
  <testcase classname="TestCasesTestNG.Module2Array_Test" name="tryQuestin2" time="3.534"/>
  <testcase classname="TestCasesTestNG.Module2Array_Test" name="tryQuestin3" time="3.587"/>
  <testcase classname="TestCasesTestNG.Module2Array_Test" name="tryQuestin4" time="3.537"/>
  <testcase classname="TestCasesTestNG.TC_LinkedList" name="User_Login" time="3.121"/>
  <testcase classname="TestCasesTestNG.TC_LinkedList" name="ClickLinkedList" time="0.809"/>
  <testcase classname="TestCasesTestNG.TC_LinkedList" name="ClickIntroduction" time="2.807"/>
  <testcase classname="TestCasesTestNG.TC_LinkedList" name="ClickCreatingLinkedList" time="1.387"/>
  <testcase classname="TestCasesTestNG.TC_LinkedList" name="ClickTypeLinkedList" time="1.972"/>
  <testcase classname="TestCasesTestNG.TC_LinkedList" name="ClickImpLinkedListPython" time="1.875"/>
  <testcase classname="TestCasesTestNG.TC_LinkedList" name="ClickTraversal" time="1.917"/>
  <testcase classname="TestCasesTestNG.TC_LinkedList" name="ClickInsertion" time="1.405"/>
  <testcase classname="TestCasesTestNG.TC_LinkedList" name="ClickDeletion" time="1.898"/>
  <testcase classname="TestCasesTestNG.Tc_StackModule" name="User_Login" time="3.709"/>
  <testcase classname="TestCasesTestNG.Tc_StackModule" name="ClickStack" time="0.755"/>
  <testcase classname="TestCasesTestNG.Tc_StackModule" name="ClickOperInStack" time="2.753"/>
  <testcase classname="TestCasesTestNG.Tc_StackModule" name="ClickImplementation" time="2.294"/>
  <testcase classname="TestCasesTestNG.Tc_StackModule" name="ClickApplications" time="2.322"/>
  <testcase classname="TestCasesTestNG.TC_ModuleQueue" name="User_Login" time="3.259"/>
  <testcase classname="TestCasesTestNG.TC_ModuleQueue" name="ClickQueue" time="0.779"/>
  <testcase classname="TestCasesTestNG.TC_ModuleQueue" name="ClickImplementCollectDeque" time="3.351"/>
  <testcase classname="TestCasesTestNG.TC_ModuleQueue" name="ClickImplementQueuePython" time="1.796"/>
  <testcase classname="TestCasesTestNG.TC_ModuleQueue" name="ClickImplementArray" time="1.842"/>
  <testcase classname="TestCasesTestNG.TC_ModuleQueue" name="ClickQueueOperation" time="1.764"/>
  <testcase classname="TestCasesTestNG.Tc_TreeModule" name="User_Login" time="3.558"/>
  <testcase classname="TestCasesTestNG.Tc_TreeModule" name="ClickTree" time="0.826"/>
  <testcase classname="TestCasesTestNG.Tc_TreeModule" name="ClickOVT" time="2.588"/>
  <testcase classname="TestCasesTestNG.Tc_TreeModule" name="TERMClick" time="2.183"/>
  <testcase classname="TestCasesTestNG.Tc_TreeModule" name="TypeOfTree" time="2.009"/>
  <testcase classname="TestCasesTestNG.Tc_TreeModule" name="TreeTraversal" time="2.119"/>
  <testcase classname="TestCasesTestNG.Tc_TreeModule" name="TreeIllustration" time="1.962"/>
  <testcase classname="TestCasesTestNG.Tc_TreeModule" name="BinaryTree" time="2.029"/>
  <testcase classname="TestCasesTestNG.Tc_TreeModule" name="TypesOfBinaryTree" time="2.046"/>
  <testcase classname="TestCasesTestNG.Tc_TreeModule" name="ImplementationInPython" time="1.932"/>
  <testcase classname="TestCasesTestNG.Tc_TreeModule" name="BinaryTreeTraversals" time="1.916"/>
  <testcase classname="TestCasesTestNG.Tc_TreeModule" name="ImplementationBinaryTree" time="1.912"/>
  <testcase classname="TestCasesTestNG.Tc_TreeModule" name="ApplicationBinaryTree" time="1.861"/>
  <testcase classname="TestCasesTestNG.Tc_TreeModule" name="BinarySearchTree" time="2.08"/>
  <testcase classname="TestCasesTestNG.Tc_TreeModule" name="ImplementionBST" time="2.087"/>
  <testcase classname="TestCasesTestNG.TC_Graph" name="User_Login" time="3.099"/>
  <testcase classname="TestCasesTestNG.TC_Graph" name="ClickGraphPage" time="0.752"/>
  <testcase classname="TestCasesTestNG.TC_Graph" name="ClickGraph" time="2.257"/>
  <testcase classname="TestCasesTestNG.TC_Graph" name="ClickGraphRep" time="1.955"/>
</testsuite> <!-- DsAlgoTest -->
